This is pdfTeX, Version 3.1415926-1.40.11 (MiKTeX 2.9) (preloaded format=pdflatex 2013.9.28)  23 OCT 2013 19:47
entering extended mode
**certificate.tex
(C:\seminartemplate\report\certificate.tex
LaTeX2e <2009/09/24>
Babel <v3.8l> and hyphenation patterns for english, afrikaans, ancientgreek, ar
abic, armenian, assamese, basque, bengali, bokmal, bulgarian, catalan, coptic, 
croatian, czech, danish, dutch, esperanto, estonian, farsi, finnish, french, ga
lician, german, german-x-2009-06-19, greek, gujarati, hindi, hungarian, iceland
ic, indonesian, interlingua, irish, italian, kannada, kurmanji, lao, latin, lat
vian, lithuanian, malayalam, marathi, mongolian, mongolianlmc, monogreek, ngerm
an, ngerman-x-2009-06-19, nynorsk, oriya, panjabi, pinyin, polish, portuguese, 
romanian, russian, sanskrit, serbian, slovak, slovenian, spanish, swedish, swis
sgerman, tamil, telugu, turkish, turkmen, ukenglish, ukrainian, uppersorbian, u
senglishmax, welsh, loaded.

! LaTeX Error: Missing \begin{document}.

See the LaTeX manual or LaTeX Companion for explanation.
Type  H <return>  for immediate help.
 ...                                              
                                                  
l.1 \begin{center}
                  
You're in trouble here.  Try typing  <return>  to proceed.
If that doesn't work, type  X <return>  to quit.


Overfull \hbox (20.0pt too wide) in paragraph at lines 1--1
[] 
 []

! Undefined control sequence.
l.4 {\large
           \textbf{COLLEGE OF ENGINEERING, CHENGANNUR \linebreak Kerala}\vsp...
The control sequence at the end of the top line
of your error message was never \def'ed. If you have
misspelled it (e.g., `\hobx'), type `I' and the correct
spelling (e.g., `I\hbox'). Otherwise just continue,
and I'll forget about whatever was undefined.


Overfull \hbox (54.93024pt too wide) in paragraph at lines 4--4
 \OT1/cmr/bx/n/10 COLLEGE 
 []


Overfull \hbox (15.87491pt too wide) in paragraph at lines 4--4
 \OT1/cmr/bx/n/10 OF 
 []


Overfull \hbox (20.38878pt too wide) in paragraph at lines 4--4
 \OT1/cmr/bx/n/10 EN- 
 []


Overfull \hbox (17.23601pt too wide) in paragraph at lines 4--4
 \OT1/cmr/bx/n/10 GI- 
 []


Overfull \hbox (36.56924pt too wide) in paragraph at lines 4--4
 \OT1/cmr/bx/n/10 NEER- 
 []


Overfull \hbox (25.59708pt too wide) in paragraph at lines 4--4
 \OT1/cmr/bx/n/10 ING, 
 []


Overfull \hbox (37.69424pt too wide) in paragraph at lines 4--4
 \OT1/cmr/bx/n/10 CHEN- 
 []


Overfull \hbox (30.56927pt too wide) in paragraph at lines 4--4
 \OT1/cmr/bx/n/10 GAN- 
 []


Overfull \hbox (26.47208pt too wide) in paragraph at lines 4--4
 \OT1/cmr/bx/n/10 NUR 
 []


Overfull \hbox (22.85406pt too wide) in paragraph at lines 4--4
 \OT1/cmr/bx/n/10 Ker- 
 []


Overfull \hbox (14.37488pt too wide) in paragraph at lines 4--4
 \OT1/cmr/bx/n/10 ala 
 []

! Undefined control sequence.
l.7 \includegraphics
                    [width=5cm]{images/emblem1} \\ \medskip % Picture
The control sequence at the end of the top line
of your error message was never \def'ed. If you have
misspelled it (e.g., `\hobx'), type `I' and the correct
spelling (e.g., `I\hbox'). Otherwise just continue,
and I'll forget about whatever was undefined.

Missing character: There is no [ in font nullfont!
Missing character: There is no w in font nullfont!
Missing character: There is no i in font nullfont!
Missing character: There is no d in font nullfont!
Missing character: There is no t in font nullfont!
Missing character: There is no h in font nullfont!
Missing character: There is no = in font nullfont!
Missing character: There is no 5 in font nullfont!
Missing character: There is no c in font nullfont!
Missing character: There is no m in font nullfont!
Missing character: There is no ] in font nullfont!
Missing character: There is no i in font nullfont!
Missing character: There is no m in font nullfont!
Missing character: There is no a in font nullfont!
Missing character: There is no g in font nullfont!
Missing character: There is no e in font nullfont!
Missing character: There is no s in font nullfont!
Missing character: There is no / in font nullfont!
Missing character: There is no e in font nullfont!
Missing character: There is no m in font nullfont!
Missing character: There is no b in font nullfont!
Missing character: There is no l in font nullfont!
Missing character: There is no e in font nullfont!
Missing character: There is no m in font nullfont!
Missing character: There is no 1 in font nullfont!
! Undefined control sequence.
l.10 {\large
            \textbf{Department of Computer Engineering\vspace{1cm} \linebrea...
The control sequence at the end of the top line
of your error message was never \def'ed. If you have
misspelled it (e.g., `\hobx'), type `I' and the correct
spelling (e.g., `I\hbox'). Otherwise just continue,
and I'll forget about whatever was undefined.


Overfull \hbox (60.6733pt too wide) in paragraph at lines 10--10
 []\OT1/cmr/bx/n/10 Department 
 []


Overfull \hbox (9.26384pt too wide) in paragraph at lines 10--10
 \OT1/cmr/bx/n/10 of 
 []


Overfull \hbox (27.47208pt too wide) in paragraph at lines 10--10
 \OT1/cmr/bx/n/10 Com- 
 []


Overfull \hbox (27.25682pt too wide) in paragraph at lines 10--10
 \OT1/cmr/bx/n/10 puter 
 []


Overfull \hbox (17.77768pt too wide) in paragraph at lines 10--10
 \OT1/cmr/bx/n/10 En- 
 []


Overfull \hbox (12.77771pt too wide) in paragraph at lines 10--10
 \OT1/cmr/bx/n/10 gi- 
 []


Overfull \hbox (25.4999pt too wide) in paragraph at lines 10--10
 \OT1/cmr/bx/n/10 neer- 
 []


Overfull \hbox (15.33325pt too wide) in paragraph at lines 10--10
 \OT1/cmr/bx/n/10 ing 
 []


Overfull \hbox (22.14574pt too wide) in paragraph at lines 10--10
 \OT1/cmr/bx/n/10 Cer- 
 []


Overfull \hbox (17.8888pt too wide) in paragraph at lines 10--10
 \OT1/cmr/bx/n/10 tifi- 
 []


Overfull \hbox (20.44432pt too wide) in paragraph at lines 10--10
 \OT1/cmr/bx/n/10 cate 
 []

! Undefined control sequence.
l.11 {{\large
              {This is to certify that the seminar report entitled}}\vspace{...
The control sequence at the end of the top line
of your error message was never \def'ed. If you have
misspelled it (e.g., `\hobx'), type `I' and the correct
spelling (e.g., `I\hbox'). Otherwise just continue,
and I'll forget about whatever was undefined.

Missing character: There is no T in font nullfont!
Missing character: There is no h in font nullfont!
Missing character: There is no i in font nullfont!
Missing character: There is no s in font nullfont!
Missing character: There is no i in font nullfont!
Missing character: There is no s in font nullfont!
Missing character: There is no t in font nullfont!
Missing character: There is no o in font nullfont!
Missing character: There is no c in font nullfont!
Missing character: There is no e in font nullfont!
Missing character: There is no r in font nullfont!
Missing character: There is no t in font nullfont!
Missing character: There is no i in font nullfont!
Missing character: There is no f in font nullfont!
Missing character: There is no y in font nullfont!
Missing character: There is no t in font nullfont!
Missing character: There is no h in font nullfont!
Missing character: There is no a in font nullfont!
Missing character: There is no t in font nullfont!
Missing character: There is no t in font nullfont!
Missing character: There is no h in font nullfont!
Missing character: There is no e in font nullfont!
Missing character: There is no s in font nullfont!
Missing character: There is no e in font nullfont!
Missing character: There is no m in font nullfont!
Missing character: There is no i in font nullfont!
Missing character: There is no n in font nullfont!
Missing character: There is no a in font nullfont!
Missing character: There is no r in font nullfont!
Missing character: There is no r in font nullfont!
Missing character: There is no e in font nullfont!
Missing character: There is no p in font nullfont!
Missing character: There is no o in font nullfont!
Missing character: There is no r in font nullfont!
Missing character: There is no t in font nullfont!
Missing character: There is no e in font nullfont!
Missing character: There is no n in font nullfont!
Missing character: There is no t in font nullfont!
Missing character: There is no i in font nullfont!
Missing character: There is no t in font nullfont!
Missing character: There is no l in font nullfont!
Missing character: There is no e in font nullfont!
Missing character: There is no d in font nullfont!
! Undefined control sequence.
l.12 {{\large
              \textbf{IMPROVING EXPOSURE OF INTRUSION DECEPTION SYSTEM THROU...
The control sequence at the end of the top line
of your error message was never \def'ed. If you have
misspelled it (e.g., `\hobx'), type `I' and the correct
spelling (e.g., `I\hbox'). Otherwise just continue,
and I'll forget about whatever was undefined.


! LaTeX Error: The font size command \normalsize is not defined:
               there is probably something wrong with the class file.

See the LaTeX manual or LaTeX Companion for explanation.
Type  H <return>  for immediate help.
 ...                                              
                                                  
l.13 {{\normalsize
                   \textbf{Submitted by \linebreak MILY WILSON}}\vspace{.5cm...

Your command was ignored.
Type  I <command> <return>  to replace it with another command,
or  <return>  to continue without it.

! Undefined control sequence.
l.14 {{\large
              is a bonafide record of the work done by he/she.}\vspace{3cm}}...
The control sequence at the end of the top line
of your error message was never \def'ed. If you have
misspelled it (e.g., `\hobx'), type `I' and the correct
spelling (e.g., `I\hbox'). Otherwise just continue,
and I'll forget about whatever was undefined.

Missing character: There is no i in font nullfont!
Missing character: There is no s in font nullfont!
Missing character: There is no a in font nullfont!
Missing character: There is no b in font nullfont!
Missing character: There is no o in font nullfont!
Missing character: There is no n in font nullfont!
Missing character: There is no a in font nullfont!
Missing character: There is no f in font nullfont!
Missing character: There is no i in font nullfont!
Missing character: There is no d in font nullfont!
Missing character: There is no e in font nullfont!
Missing character: There is no r in font nullfont!
Missing character: There is no e in font nullfont!
Missing character: There is no c in font nullfont!
Missing character: There is no o in font nullfont!
Missing character: There is no r in font nullfont!
Missing character: There is no d in font nullfont!
Missing character: There is no o in font nullfont!
Missing character: There is no f in font nullfont!
Missing character: There is no t in font nullfont!
Missing character: There is no h in font nullfont!
Missing character: There is no e in font nullfont!
Missing character: There is no w in font nullfont!
Missing character: There is no o in font nullfont!
Missing character: There is no r in font nullfont!
Missing character: There is no k in font nullfont!
Missing character: There is no d in font nullfont!
Missing character: There is no o in font nullfont!
Missing character: There is no n in font nullfont!
Missing character: There is no e in font nullfont!
Missing character: There is no b in font nullfont!
Missing character: There is no y in font nullfont!
Missing character: There is no h in font nullfont!
Missing character: There is no e in font nullfont!
Missing character: There is no / in font nullfont!
Missing character: There is no s in font nullfont!
Missing character: There is no h in font nullfont!
Missing character: There is no e in font nullfont!
Missing character: There is no . in font nullfont!

Overfull \hbox (19.11101pt too wide) in paragraph at lines 11--14
 \OT1/cmr/bx/n/10 IM- 
 []


Overfull \hbox (37.01369pt too wide) in paragraph at lines 11--14
 \OT1/cmr/bx/n/10 PROV- 
 []


Overfull \hbox (22.40265pt too wide) in paragraph at lines 11--14
 \OT1/cmr/bx/n/10 ING 
 []


Overfull \hbox (20.08322pt too wide) in paragraph at lines 11--14
 \OT1/cmr/bx/n/10 EX- 
 []


Overfull \hbox (20.33322pt too wide) in paragraph at lines 11--14
 \OT1/cmr/bx/n/10 PO- 
 []


Overfull \hbox (31.41649pt too wide) in paragraph at lines 11--14
 \OT1/cmr/bx/n/10 SURE 
 []


Overfull \hbox (15.87491pt too wide) in paragraph at lines 11--14
 \OT1/cmr/bx/n/10 OF 
 []


Overfull \hbox (17.19435pt too wide) in paragraph at lines 11--14
 \OT1/cmr/bx/n/10 IN- 
 []


Overfull \hbox (28.98595pt too wide) in paragraph at lines 11--14
 \OT1/cmr/bx/n/10 TRU- 
 []


Overfull \hbox (28.38873pt too wide) in paragraph at lines 11--14
 \OT1/cmr/bx/n/10 SION 
 []


Overfull \hbox (20.20822pt too wide) in paragraph at lines 11--14
 \OT1/cmr/bx/n/10 DE- 
 []


Overfull \hbox (27.5554pt too wide) in paragraph at lines 11--14
 \OT1/cmr/bx/n/10 CEP- 
 []


Overfull \hbox (29.99983pt too wide) in paragraph at lines 11--14
 \OT1/cmr/bx/n/10 TION 
 []


Overfull \hbox (25.30542pt too wide) in paragraph at lines 11--14
 \OT1/cmr/bx/n/10 SYS- 
 []


Overfull \hbox (26.47208pt too wide) in paragraph at lines 11--14
 \OT1/cmr/bx/n/10 TEM 
 []


Overfull \hbox (60.833pt too wide) in paragraph at lines 11--14
 \OT1/cmr/bx/n/10 THROUGH 
 []


Overfull \hbox (19.11101pt too wide) in paragraph at lines 11--14
 \OT1/cmr/bx/n/10 IM- 
 []


Overfull \hbox (26.16652pt too wide) in paragraph at lines 11--14
 \OT1/cmr/bx/n/10 PLE- 
 []


Overfull \hbox (31.30539pt too wide) in paragraph at lines 11--14
 \OT1/cmr/bx/n/10 MEN- 
 []


Overfull \hbox (19.56934pt too wide) in paragraph at lines 11--14
 \OT1/cmr/bx/n/10 TA- 
 []


Overfull \hbox (25.63875pt too wide) in paragraph at lines 11--14
 \OT1/cmr/bx/n/10 TON 
 []


Overfull \hbox (15.87491pt too wide) in paragraph at lines 11--14
 \OT1/cmr/bx/n/10 OF 
 []


Overfull \hbox (21.52766pt too wide) in paragraph at lines 11--14
 \OT1/cmr/bx/n/10 HY- 
 []


Overfull \hbox (29.98595pt too wide) in paragraph at lines 11--14
 \OT1/cmr/bx/n/10 BRID 
 []


Overfull \hbox (30.47206pt too wide) in paragraph at lines 11--14
 \OT1/cmr/bx/n/10 HON- 
 []


Overfull \hbox (20.08322pt too wide) in paragraph at lines 11--14
 \OT1/cmr/bx/n/10 EY- 
 []


Overfull \hbox (30.88872pt too wide) in paragraph at lines 11--14
 \OT1/cmr/bx/n/10 POTS 
 []


Overfull \hbox (22.99988pt too wide) in paragraph at lines 11--14
 \OT1/cmr/bx/n/10 Sub- 
 []


Overfull \hbox (21.08322pt too wide) in paragraph at lines 11--14
 \OT1/cmr/bx/n/10 mit- 
 []


Overfull \hbox (16.13187pt too wide) in paragraph at lines 11--14
 \OT1/cmr/bx/n/10 ted 
 []


Overfull \hbox (12.13882pt too wide) in paragraph at lines 11--14
 \OT1/cmr/bx/n/10 by 
 []


Overfull \hbox (29.93039pt too wide) in paragraph at lines 11--14
 \OT1/cmr/bx/n/10 MILY 
 []


Overfull \hbox (26.99985pt too wide) in paragraph at lines 11--14
 \OT1/cmr/bx/n/10 WIL- 
 []


Overfull \hbox (24.02765pt too wide) in paragraph at lines 11--14
 \OT1/cmr/bx/n/10 SON 
 []


! LaTeX Error: The font size command \normalsize is not defined:
               there is probably something wrong with the class file.

See the LaTeX manual or LaTeX Companion for explanation.
Type  H <return>  for immediate help.
 ...                                              
                                                  
l.15 {{\normalsize
                   Coordinator\hspace{10cm}Head of Department\vspace{5cm}}}\...

Your command was ignored.
Type  I <command> <return>  to replace it with another command,
or  <return>  to continue without it.

Missing character: There is no C in font nullfont!
Missing character: There is no o in font nullfont!
Missing character: There is no o in font nullfont!
Missing character: There is no r in font nullfont!
Missing character: There is no d in font nullfont!
Missing character: There is no i in font nullfont!
Missing character: There is no n in font nullfont!
Missing character: There is no a in font nullfont!
Missing character: There is no t in font nullfont!
Missing character: There is no o in font nullfont!
Missing character: There is no r in font nullfont!
Missing character: There is no H in font nullfont!
Missing character: There is no e in font nullfont!
Missing character: There is no a in font nullfont!
Missing character: There is no d in font nullfont!
Missing character: There is no o in font nullfont!
Missing character: There is no f in font nullfont!
Missing character: There is no D in font nullfont!
Missing character: There is no e in font nullfont!
Missing character: There is no p in font nullfont!
Missing character: There is no a in font nullfont!
Missing character: There is no r in font nullfont!
Missing character: There is no t in font nullfont!
Missing character: There is no m in font nullfont!
Missing character: There is no e in font nullfont!
Missing character: There is no n in font nullfont!
Missing character: There is no t in font nullfont!
)
! Emergency stop.
<*> certificate.tex
                   
*** (job aborted, no legal \end found)

 
Here is how much of TeX's memory you used:
 10 strings out of 494053
 210 string characters out of 3148606
 50862 words of memory out of 3000000
 3397 multiletter control sequences out of 15000+200000
 3948 words of font info for 15 fonts, out of 3000000 for 9000
 715 hyphenation exceptions out of 8191
 13i,1n,10p,168b,129s stack positions out of 5000i,500n,10000p,200000b,50000s
!  ==> Fatal error occurred, no output PDF file produced!
